0 info it worked if it ends with ok
1 verbose cli [ 'c:\\Program Files\\nodejs\\node.exe',
1 verbose cli   'c:\\Program Files\\nodejs\\node_modules\\npm\\bin\\npm-cli.js',
1 verbose cli   'publish' ]
2 info using npm@1.4.3
3 info using node@v0.10.26
4 verbose publish [ '.' ]
5 verbose cache add [ '.', null ]
6 verbose cache add name=undefined spec="." args=[".",null]
7 verbose parsed url { protocol: null,
7 verbose parsed url   slashes: null,
7 verbose parsed url   auth: null,
7 verbose parsed url   host: null,
7 verbose parsed url   port: null,
7 verbose parsed url   hostname: null,
7 verbose parsed url   hash: null,
7 verbose parsed url   search: null,
7 verbose parsed url   query: null,
7 verbose parsed url   pathname: '.',
7 verbose parsed url   path: '.',
7 verbose parsed url   href: '.' }
8 silly lockFile 3a52ce78- .
9 verbose lock . C:\Users\wveelent\AppData\Roaming\npm-cache\3a52ce78-.lock
10 verbose tar pack [ 'C:\\Users\\wveelent\\AppData\\Local\\Temp\\npm-10840-STFQxnWJ\\1407183422561-0.7739995282609016\\tmp.tgz',
10 verbose tar pack   '.' ]
11 verbose tarball C:\Users\wveelent\AppData\Local\Temp\npm-10840-STFQxnWJ\1407183422561-0.7739995282609016\tmp.tgz
12 verbose folder .
13 info prepublish packer-module@0.0.2
14 silly lockFile 1f1177db-tar tar://.
15 verbose lock tar://. C:\Users\wveelent\AppData\Roaming\npm-cache\1f1177db-tar.lock
16 silly lockFile 7fb9ff4f-22561-0-7739995282609016-tmp-tgz tar://C:\Users\wveelent\AppData\Local\Temp\npm-10840-STFQxnWJ\1407183422561-0.7739995282609016\tmp.tgz
17 verbose lock tar://C:\Users\wveelent\AppData\Local\Temp\npm-10840-STFQxnWJ\1407183422561-0.7739995282609016\tmp.tgz C:\Users\wveelent\AppData\Roaming\npm-cache\7fb9ff4f-22561-0-7739995282609016-tmp-tgz.lock
18 silly lockFile 1f1177db-tar tar://.
19 silly lockFile 1f1177db-tar tar://.
20 silly lockFile 7fb9ff4f-22561-0-7739995282609016-tmp-tgz tar://C:\Users\wveelent\AppData\Local\Temp\npm-10840-STFQxnWJ\1407183422561-0.7739995282609016\tmp.tgz
21 silly lockFile 7fb9ff4f-22561-0-7739995282609016-tmp-tgz tar://C:\Users\wveelent\AppData\Local\Temp\npm-10840-STFQxnWJ\1407183422561-0.7739995282609016\tmp.tgz
22 verbose tar unpack C:\Users\wveelent\AppData\Local\Temp\npm-10840-STFQxnWJ\1407183422561-0.7739995282609016\tmp.tgz
23 silly lockFile 6ffdcd89-22561-0-7739995282609016-package tar://C:\Users\wveelent\AppData\Local\Temp\npm-10840-STFQxnWJ\1407183422561-0.7739995282609016\package
24 verbose lock tar://C:\Users\wveelent\AppData\Local\Temp\npm-10840-STFQxnWJ\1407183422561-0.7739995282609016\package C:\Users\wveelent\AppData\Roaming\npm-cache\6ffdcd89-22561-0-7739995282609016-package.lock
25 silly lockFile 7fb9ff4f-22561-0-7739995282609016-tmp-tgz tar://C:\Users\wveelent\AppData\Local\Temp\npm-10840-STFQxnWJ\1407183422561-0.7739995282609016\tmp.tgz
26 verbose lock tar://C:\Users\wveelent\AppData\Local\Temp\npm-10840-STFQxnWJ\1407183422561-0.7739995282609016\tmp.tgz C:\Users\wveelent\AppData\Roaming\npm-cache\7fb9ff4f-22561-0-7739995282609016-tmp-tgz.lock
27 silly gunzTarPerm modes [ '755', '644' ]
28 silly gunzTarPerm extractEntry package.json
29 silly gunzTarPerm modified mode [ 'package.json', 438, 420 ]
30 silly gunzTarPerm extractEntry .npmignore
31 silly gunzTarPerm modified mode [ '.npmignore', 438, 420 ]
32 silly gunzTarPerm extractEntry README.md
33 silly gunzTarPerm modified mode [ 'README.md', 438, 420 ]
34 silly gunzTarPerm extractEntry packer-module.js
35 silly gunzTarPerm modified mode [ 'packer-module.js', 438, 420 ]
36 silly gunzTarPerm extractEntry grunt_config/bower.js
37 silly gunzTarPerm modified mode [ 'grunt_config/bower.js', 438, 420 ]
38 silly gunzTarPerm extractEntry grunt_config/concat.js
39 silly gunzTarPerm modified mode [ 'grunt_config/concat.js', 438, 420 ]
40 silly gunzTarPerm extractEntry grunt_config/connect.js
41 silly gunzTarPerm modified mode [ 'grunt_config/connect.js', 438, 420 ]
42 silly gunzTarPerm extractEntry grunt_config/copy.js
43 silly gunzTarPerm modified mode [ 'grunt_config/copy.js', 438, 420 ]
44 silly gunzTarPerm extractEntry grunt_config/cssmin.js
45 silly gunzTarPerm modified mode [ 'grunt_config/cssmin.js', 438, 420 ]
46 silly gunzTarPerm extractEntry grunt_config/jshint.js
47 silly gunzTarPerm modified mode [ 'grunt_config/jshint.js', 438, 420 ]
48 silly gunzTarPerm extractEntry grunt_config/uglify.js
49 silly gunzTarPerm modified mode [ 'grunt_config/uglify.js', 438, 420 ]
50 silly gunzTarPerm extractEntry grunt_config/watch.js
51 silly gunzTarPerm modified mode [ 'grunt_config/watch.js', 438, 420 ]
52 silly gunzTarPerm extractEntry grunt_tasks/build.js
53 silly gunzTarPerm modified mode [ 'grunt_tasks/build.js', 438, 420 ]
54 silly gunzTarPerm extractEntry grunt_tasks/run.js
55 silly gunzTarPerm modified mode [ 'grunt_tasks/run.js', 438, 420 ]
56 silly lockFile 6ffdcd89-22561-0-7739995282609016-package tar://C:\Users\wveelent\AppData\Local\Temp\npm-10840-STFQxnWJ\1407183422561-0.7739995282609016\package
57 silly lockFile 6ffdcd89-22561-0-7739995282609016-package tar://C:\Users\wveelent\AppData\Local\Temp\npm-10840-STFQxnWJ\1407183422561-0.7739995282609016\package
58 silly lockFile 7fb9ff4f-22561-0-7739995282609016-tmp-tgz tar://C:\Users\wveelent\AppData\Local\Temp\npm-10840-STFQxnWJ\1407183422561-0.7739995282609016\tmp.tgz
59 silly lockFile 7fb9ff4f-22561-0-7739995282609016-tmp-tgz tar://C:\Users\wveelent\AppData\Local\Temp\npm-10840-STFQxnWJ\1407183422561-0.7739995282609016\tmp.tgz
60 verbose tar pack [ 'C:\\Users\\wveelent\\AppData\\Roaming\\npm-cache\\packer-module\\0.0.2\\package.tgz',
60 verbose tar pack   'C:\\Users\\wveelent\\AppData\\Local\\Temp\\npm-10840-STFQxnWJ\\1407183422561-0.7739995282609016\\package' ]
61 verbose tarball C:\Users\wveelent\AppData\Roaming\npm-cache\packer-module\0.0.2\package.tgz
62 verbose folder C:\Users\wveelent\AppData\Local\Temp\npm-10840-STFQxnWJ\1407183422561-0.7739995282609016\package
63 silly lockFile 6ffdcd89-22561-0-7739995282609016-package tar://C:\Users\wveelent\AppData\Local\Temp\npm-10840-STFQxnWJ\1407183422561-0.7739995282609016\package
64 verbose lock tar://C:\Users\wveelent\AppData\Local\Temp\npm-10840-STFQxnWJ\1407183422561-0.7739995282609016\package C:\Users\wveelent\AppData\Roaming\npm-cache\6ffdcd89-22561-0-7739995282609016-package.lock
65 silly lockFile 35893935--packer-module-0-0-2-package-tgz tar://C:\Users\wveelent\AppData\Roaming\npm-cache\packer-module\0.0.2\package.tgz
66 verbose lock tar://C:\Users\wveelent\AppData\Roaming\npm-cache\packer-module\0.0.2\package.tgz C:\Users\wveelent\AppData\Roaming\npm-cache\35893935--packer-module-0-0-2-package-tgz.lock
67 silly lockFile 6ffdcd89-22561-0-7739995282609016-package tar://C:\Users\wveelent\AppData\Local\Temp\npm-10840-STFQxnWJ\1407183422561-0.7739995282609016\package
68 silly lockFile 6ffdcd89-22561-0-7739995282609016-package tar://C:\Users\wveelent\AppData\Local\Temp\npm-10840-STFQxnWJ\1407183422561-0.7739995282609016\package
69 silly lockFile 35893935--packer-module-0-0-2-package-tgz tar://C:\Users\wveelent\AppData\Roaming\npm-cache\packer-module\0.0.2\package.tgz
70 silly lockFile 35893935--packer-module-0-0-2-package-tgz tar://C:\Users\wveelent\AppData\Roaming\npm-cache\packer-module\0.0.2\package.tgz
71 silly lockFile c7b34d5f-ache-packer-module-0-0-2-package C:\Users\wveelent\AppData\Roaming\npm-cache\packer-module\0.0.2\package
72 verbose lock C:\Users\wveelent\AppData\Roaming\npm-cache\packer-module\0.0.2\package C:\Users\wveelent\AppData\Roaming\npm-cache\c7b34d5f-ache-packer-module-0-0-2-package.lock
73 silly lockFile c7b34d5f-ache-packer-module-0-0-2-package C:\Users\wveelent\AppData\Roaming\npm-cache\packer-module\0.0.2\package
74 silly lockFile c7b34d5f-ache-packer-module-0-0-2-package C:\Users\wveelent\AppData\Roaming\npm-cache\packer-module\0.0.2\package
75 verbose tar unpack C:\Users\wveelent\AppData\Roaming\npm-cache\packer-module\0.0.2\package.tgz
76 silly lockFile 93570dcd-ache-packer-module-0-0-2-package tar://C:\Users\wveelent\AppData\Roaming\npm-cache\packer-module\0.0.2\package
77 verbose lock tar://C:\Users\wveelent\AppData\Roaming\npm-cache\packer-module\0.0.2\package C:\Users\wveelent\AppData\Roaming\npm-cache\93570dcd-ache-packer-module-0-0-2-package.lock
78 silly lockFile 35893935--packer-module-0-0-2-package-tgz tar://C:\Users\wveelent\AppData\Roaming\npm-cache\packer-module\0.0.2\package.tgz
79 verbose lock tar://C:\Users\wveelent\AppData\Roaming\npm-cache\packer-module\0.0.2\package.tgz C:\Users\wveelent\AppData\Roaming\npm-cache\35893935--packer-module-0-0-2-package-tgz.lock
80 silly gunzTarPerm modes [ '755', '644' ]
81 silly gunzTarPerm extractEntry package.json
82 silly gunzTarPerm modified mode [ 'package.json', 438, 420 ]
83 silly gunzTarPerm extractEntry .npmignore
84 silly gunzTarPerm modified mode [ '.npmignore', 438, 420 ]
85 silly gunzTarPerm extractEntry README.md
86 silly gunzTarPerm modified mode [ 'README.md', 438, 420 ]
87 silly gunzTarPerm extractEntry packer-module.js
88 silly gunzTarPerm modified mode [ 'packer-module.js', 438, 420 ]
89 silly gunzTarPerm extractEntry grunt_config/bower.js
90 silly gunzTarPerm modified mode [ 'grunt_config/bower.js', 438, 420 ]
91 silly gunzTarPerm extractEntry grunt_config/concat.js
92 silly gunzTarPerm modified mode [ 'grunt_config/concat.js', 438, 420 ]
93 silly gunzTarPerm extractEntry grunt_config/connect.js
94 silly gunzTarPerm modified mode [ 'grunt_config/connect.js', 438, 420 ]
95 silly gunzTarPerm extractEntry grunt_config/copy.js
96 silly gunzTarPerm modified mode [ 'grunt_config/copy.js', 438, 420 ]
97 silly gunzTarPerm extractEntry grunt_config/cssmin.js
98 silly gunzTarPerm modified mode [ 'grunt_config/cssmin.js', 438, 420 ]
99 silly gunzTarPerm extractEntry grunt_config/jshint.js
100 silly gunzTarPerm modified mode [ 'grunt_config/jshint.js', 438, 420 ]
101 silly gunzTarPerm extractEntry grunt_config/uglify.js
102 silly gunzTarPerm modified mode [ 'grunt_config/uglify.js', 438, 420 ]
103 silly gunzTarPerm extractEntry grunt_config/watch.js
104 silly gunzTarPerm modified mode [ 'grunt_config/watch.js', 438, 420 ]
105 silly gunzTarPerm extractEntry grunt_tasks/build.js
106 silly gunzTarPerm modified mode [ 'grunt_tasks/build.js', 438, 420 ]
107 silly gunzTarPerm extractEntry grunt_tasks/run.js
108 silly gunzTarPerm modified mode [ 'grunt_tasks/run.js', 438, 420 ]
109 silly lockFile 93570dcd-ache-packer-module-0-0-2-package tar://C:\Users\wveelent\AppData\Roaming\npm-cache\packer-module\0.0.2\package
110 silly lockFile 93570dcd-ache-packer-module-0-0-2-package tar://C:\Users\wveelent\AppData\Roaming\npm-cache\packer-module\0.0.2\package
111 silly lockFile 35893935--packer-module-0-0-2-package-tgz tar://C:\Users\wveelent\AppData\Roaming\npm-cache\packer-module\0.0.2\package.tgz
112 silly lockFile 35893935--packer-module-0-0-2-package-tgz tar://C:\Users\wveelent\AppData\Roaming\npm-cache\packer-module\0.0.2\package.tgz
113 verbose chmod C:\Users\wveelent\AppData\Roaming\npm-cache\packer-module\0.0.2\package.tgz 644
114 silly chown skipping for windows C:\Users\wveelent\AppData\Roaming\npm-cache\packer-module\0.0.2\package.tgz
115 silly lockFile 3a52ce78- .
116 silly lockFile 3a52ce78- .
117 silly publish { name: 'packer-module',
117 silly publish   version: '0.0.2',
117 silly publish   description: 'packer-module',
117 silly publish   main: 'packer-module',
117 silly publish   repository:
117 silly publish    { type: 'git',
117 silly publish      url: 'https://github.com/packerjs/packer-module.git' },
117 silly publish   author: { name: 'Willem Veelenturf' },
117 silly publish   homepage: 'https://packerjs.org/',
117 silly publish   dependencies:
117 silly publish    { 'grunt-contrib-concat': '0.4.0',
117 silly publish      'grunt-contrib-copy': '0.5.0',
117 silly publish      'grunt-contrib-connect': '0.8.0',
117 silly publish      'grunt-contrib-watch': '0.6.1',
117 silly publish      'grunt-contrib-jshint': '0.10.0',
117 silly publish      'grunt-contrib-uglify': '0.5.0',
117 silly publish      'grunt-contrib-cssmin': '0.10.0',
117 silly publish      'grunt-bower-task': '0.4.0',
117 silly publish      'packer-core': '0.0.3' },
117 silly publish   readme: 'packer-module\r\n====================\r\n\r\nPacker module builds and package angular modules. This module contains all the logic for concatenate, jslint, uglify, minify and bower and run.\r\n\r\nGrunt Modules\r\n------------\r\nThe following Grunt modules are loaded and configured to build and package angular modules\r\n\r\n- grunt-contrib-concat : 0.4.0\r\n- grunt-contrib-copy : 0.5.0\r\n- grunt-contrib-connect : "0.8.0\r\n- grunt-contrib-watch : "0.6.1\r\n- grunt-contrib-jshint : "0.10.0\r\n- grunt-contrib-uglify : "0.5.0\r\n- grunt-contrib-cssmin : "0.10.0\r\n- grunt-bower-task : 0.4.0\r\n\r\n\r\nGrunt Task\r\n----------\r\nThe following Grunt tasks are registered to build and run angular modules.\r\n\r\n- build\r\n- run\r\n',
117 silly publish   readmeFilename: 'README.md',
117 silly publish   bugs: { url: 'https://github.com/packerjs/packer-module/issues' },
117 silly publish   _id: 'packer-module@0.0.2',
117 silly publish   dist: { shasum: 'ca4ed133fccedfafc044e2a167cf2fc82bc3dd91' },
117 silly publish   _from: '.' }
118 verbose url raw packer-module
119 verbose url resolving [ 'https://registry.npmjs.org/', './packer-module' ]
120 verbose url resolved https://registry.npmjs.org/packer-module
121 info trying registry request attempt 1 at 22:17:02
122 http PUT https://registry.npmjs.org/packer-module
123 http 403 https://registry.npmjs.org/packer-module
124 error publish Failed PUT 403
125 error Error: forbidden cannot modify pre-existing version: 0.0.2
125 error old={"name":"packer-module","version":"0.0.2","description":"packer-module","main":"packer-module","repository":{"type":"git","url":"https://github.com/packerjs/packer-module.git"},"author":{"name":"Willem Veelenturf"},"homepage":"https://packerjs.org/","dependencies":{"grunt-contrib-concat":"0.4.0","grunt-contrib-copy":"0.5.0","grunt-contrib-connect":"0.8.0","grunt-contrib-watch":"0.6.1","grunt-contrib-jshint":"0.10.0","grunt-contrib-uglify":"0.5.0","grunt-contrib-cssmin":"0.10.0","grunt-bower-task":"0.4.0","packer-core":"0.0.1"},"bugs":{"url":"https://github.com/packerjs/packer-module/issues"},"_id":"packer-module@0.0.2","dist":{"shasum":"9dc9ee0d991b43e0caad384fe89a129a215bb9b2","tarball":"http://registry.npmjs.org/packer-module/-/packer-module-0.0.2.tgz"},"_from":".","_npmVersion":"1.4.3","_npmUser":{"name":"wilmveel","email":"willem.veelenturf@gmail.com"},"maintainers":[{"name":"wilmveel","email":"willem.veelenturf@gmail.com"}]}
125 error new={"name":"packer-module","version":"0.0.2","description":"packer-module","main":"packer-module","repository":{"type":"git","url":"https://github.com/packerjs/packer-module.git"},"author":{"name":"Willem Veelenturf"},"homepage":"https://packerjs.org/","dependencies":{"grunt-contrib-concat":"0.4.0","grunt-contrib-copy":"0.5.0","grunt-contrib-connect":"0.8.0","grunt-contrib-watch":"0.6.1","grunt-contrib-jshint":"0.10.0","grunt-contrib-uglify":"0.5.0","grunt-contrib-cssmin":"0.10.0","grunt-bower-task":"0.4.0","packer-core":"0.0.3"},"readme":"packer-module\u000d\u000a====================\u000d\u000a\u000d\u000aPacker module builds and package angular modules. This module contains all the logic for concatenate, jslint, uglify, minify and bower and run.\u000d\u000a\u000d\u000aGrunt Modules\u000d\u000a------------\u000d\u000aThe following Grunt modules are loaded and configured to build and package angular modules\u000d\u000a\u000d\u000a- grunt-contrib-concat : 0.4.0\u000d\u000a- grunt-contrib-copy : 0.5.0\u000d\u000a- grunt-contrib-connect : \"0.8.0\u000d\u000a- grunt-contrib-watch : \"0.6.1\u000d\u000a- grunt-contrib-jshint : \"0.10.0\u000d\u000a- grunt-contrib-uglify : \"0.5.0\u000d\u000a- grunt-contrib-cssmin : \"0.10.0\u000d\u000a- grunt-bower-task : 0.4.0\u000d\u000a\u000d\u000a\u000d\u000aGrunt Task\u000d\u000a----------\u000d\u000aThe following Grunt tasks are registered to build and run angular modules.\u000d\u000a\u000d\u000a- build\u000d\u000a- run\u000d\u000a","readmeFilename":"README.md","bugs":{"url":"https://github.com/packerjs/packer-module/issues"},"_id":"packer-module@0.0.2","dist":{"shasum":"ca4ed133fccedfafc044e2a167cf2fc82bc3dd91","tarball":"http://registry.npmjs.org/packer-module/-/packer-module-0.0.2.tgz"},"_from":".","_npmVersion":"1.4.3","_npmUser":{"name":"wilmveel","email":"willem.veelenturf@gmail.com"},"maintainers":[{"name":"wilmveel","email":"willem.veelenturf@gmail.com"}]}: packer-module
125 error     at RegClient.<anonymous> (c:\Program Files\nodejs\node_modules\npm\node_modules\npm-registry-client\lib\request.js:237:14)
125 error     at Request.self.callback (c:\Program Files\nodejs\node_modules\npm\node_modules\request\request.js:123:22)
125 error     at Request.EventEmitter.emit (events.js:98:17)
125 error     at Request.<anonymous> (c:\Program Files\nodejs\node_modules\npm\node_modules\request\request.js:893:14)
125 error     at Request.EventEmitter.emit (events.js:117:20)
125 error     at IncomingMessage.<anonymous> (c:\Program Files\nodejs\node_modules\npm\node_modules\request\request.js:844:12)
125 error     at IncomingMessage.EventEmitter.emit (events.js:117:20)
125 error     at _stream_readable.js:920:16
125 error     at process._tickCallback (node.js:415:13)
126 error If you need help, you may report this *entire* log,
126 error including the npm and node versions, at:
126 error     <http://github.com/npm/npm/issues>
127 error System Windows_NT 6.1.7601
128 error command "c:\\Program Files\\nodejs\\node.exe" "c:\\Program Files\\nodejs\\node_modules\\npm\\bin\\npm-cli.js" "publish"
129 error cwd d:\projects\packerjs\packer-module
130 error node -v v0.10.26
131 error npm -v 1.4.3
132 verbose exit [ 1, true ]
